0 info it worked if it ends with ok
1 verbose cli [ '/usr/local/Cellar/node/6.8.0/bin/node',
1 verbose cli   '/usr/local/bin/npm',
1 verbose cli   'run',
1 verbose cli   'demo' ]
2 info using npm@3.10.8
3 info using node@v6.8.0
4 verbose run-script [ 'predemo', 'demo', 'postdemo' ]
5 info lifecycle unison-server@0.1.0~predemo: unison-server@0.1.0
6 silly lifecycle unison-server@0.1.0~predemo: no script for predemo, continuing
7 info lifecycle unison-server@0.1.0~demo: unison-server@0.1.0
8 verbose lifecycle unison-server@0.1.0~demo: unsafe-perm in lifecycle true
9 verbose lifecycle unison-server@0.1.0~demo: PATH: /usr/local/lib/node_modules/npm/bin/node-gyp-bin:/Users/jacobclevenger/Development/unison/node_modules/.bin:/usr/local/Cellar/node/6.8.0/bin:/usr/local/bin:/usr/bin:/bin:/usr/sbin:/sbin:/usr/local/MacGPG2/bin
10 verbose lifecycle unison-server@0.1.0~demo: CWD: /Users/jacobclevenger/Development/unison
11 silly lifecycle unison-server@0.1.0~demo: Args: [ '-c', 'node ./dist/demo/app.js' ]
12 silly lifecycle unison-server@0.1.0~demo: Returned: code: 1  signal: null
13 info lifecycle unison-server@0.1.0~demo: Failed to exec demo script
14 verbose stack Error: unison-server@0.1.0 demo: `node ./dist/demo/app.js`
14 verbose stack Exit status 1
14 verbose stack     at EventEmitter.<anonymous> (/usr/local/lib/node_modules/npm/lib/utils/lifecycle.js:255:16)
14 verbose stack     at emitTwo (events.js:106:13)
14 verbose stack     at EventEmitter.emit (events.js:191:7)
14 verbose stack     at ChildProcess.<anonymous> (/usr/local/lib/node_modules/npm/lib/utils/spawn.js:40:14)
14 verbose stack     at emitTwo (events.js:106:13)
14 verbose stack     at ChildProcess.emit (events.js:191:7)
14 verbose stack     at maybeClose (internal/child_process.js:877:16)
14 verbose stack     at Process.ChildProcess._handle.onexit (internal/child_process.js:226:5)
15 verbose pkgid unison-server@0.1.0
16 verbose cwd /Users/jacobclevenger/Development/unison
17 error Darwin 16.4.0
18 error argv "/usr/local/Cellar/node/6.8.0/bin/node" "/usr/local/bin/npm" "run" "demo"
19 error node v6.8.0
20 error npm  v3.10.8
21 error code ELIFECYCLE
22 error unison-server@0.1.0 demo: `node ./dist/demo/app.js`
22 error Exit status 1
23 error Failed at the unison-server@0.1.0 demo script 'node ./dist/demo/app.js'.
23 error Make sure you have the latest version of node.js and npm installed.
23 error If you do, this is most likely a problem with the unison-server package,
23 error not with npm itself.
23 error Tell the author that this fails on your system:
23 error     node ./dist/demo/app.js
23 error You can get information on how to open an issue for this project with:
23 error     npm bugs unison-server
23 error Or if that isn't available, you can get their info via:
23 error     npm owner ls unison-server
23 error There is likely additional logging output above.
24 verbose exit [ 1, true ]
